TN:
SF:src/app.js
FNF:0
FNH:0
DA:5,2
DA:6,2
DA:7,2
DA:8,2
DA:9,2
DA:11,2
DA:13,2
DA:14,2
DA:15,2
DA:16,2
DA:18,2
DA:20,2
DA:21,2
DA:23,2
LF:14
LH:14
BRDA:14,0,0,2
BRDA:14,0,1,0
BRF:2
BRH:1
end_of_record
TN:
SF:src/config/index.js
FN:29,loadConfig
FN:30,(anonymous_1)
FN:71,(anonymous_2)
FNF:3
FNH:3
FNDA:2,loadConfig
FNDA:6,(anonymous_1)
FNDA:12,(anonymous_2)
DA:6,2
DA:8,2
DA:14,2
DA:30,2
DA:31,6
DA:32,0
DA:36,2
DA:37,0
DA:40,2
DA:41,2
DA:42,0
DA:45,2
DA:71,12
DA:77,2
DA:78,2
LF:15
LH:12
BRDA:31,0,0,0
BRDA:31,0,1,6
BRDA:31,1,0,6
BRDA:31,1,1,6
BRDA:36,2,0,0
BRDA:36,2,1,2
BRDA:36,3,0,2
BRDA:36,3,1,2
BRDA:40,4,0,2
BRDA:40,4,1,0
BRDA:41,5,0,0
BRDA:41,5,1,2
BRDA:41,6,0,2
BRDA:41,6,1,2
BRDA:46,7,0,2
BRDA:46,7,1,0
BRDA:47,8,0,2
BRDA:47,8,1,0
BRDA:50,9,0,2
BRDA:50,9,1,0
BRDA:60,10,0,2
BRDA:60,10,1,0
BRDA:61,11,0,2
BRDA:61,11,1,0
BRDA:64,12,0,2
BRDA:64,12,1,0
BRDA:65,13,0,2
BRDA:65,13,1,0
BRDA:69,14,0,2
BRDA:69,14,1,0
BRDA:69,15,0,2
BRDA:69,15,1,0
BRDA:70,16,0,2
BRDA:70,16,1,0
BRDA:71,17,0,2
BRDA:71,17,1,0
BRDA:73,18,0,2
BRDA:73,18,1,0
BRF:38
BRH:22
end_of_record
TN:
SF:src/controllers/auditController.js
FN:8,listMine
FN:18,listByResource
FN:29,listByDateRange
FNF:3
FNH:1
FNDA:0,listMine
FNDA:0,listByResource
FNDA:1,listByDateRange
DA:5,2
DA:6,2
DA:9,0
DA:10,0
DA:11,0
DA:12,0
DA:14,0
DA:19,0
DA:20,0
DA:21,0
DA:22,0
DA:23,0
DA:25,0
DA:30,1
DA:31,1
DA:32,1
DA:33,0
DA:35,1
DA:36,1
DA:37,1
DA:38,1
DA:40,0
DA:44,2
LF:23
LH:10
BRDA:32,0,0,0
BRDA:32,0,1,1
BRDA:32,1,0,1
BRDA:32,1,1,1
BRDA:35,2,0,1
BRDA:35,2,1,0
BRDA:36,3,0,1
BRDA:36,3,1,0
BRF:8
BRH:5
end_of_record
TN:
SF:src/controllers/authController.js
FN:9,register
FN:23,login
FN:37,me
FNF:3
FNH:2
FNDA:4,register
FNDA:4,login
FNDA:0,me
DA:5,2
DA:6,2
DA:7,2
DA:10,4
DA:11,4
DA:12,4
DA:13,4
DA:14,1
DA:16,3
DA:17,3
DA:19,0
DA:24,4
DA:25,4
DA:26,4
DA:27,4
DA:28,4
DA:29,2
DA:31,2
DA:33,0
DA:38,0
DA:39,0
DA:40,0
DA:41,0
DA:43,0
DA:45,0
DA:49,2
LF:26
LH:18
BRDA:13,0,0,1
BRDA:13,0,1,3
BRDA:26,1,0,4
BRDA:26,1,1,0
BRDA:28,2,0,2
BRDA:28,2,1,2
BRDA:40,3,0,0
BRDA:40,3,1,0
BRF:8
BRH:5
end_of_record
TN:
SF:src/controllers/documentController.js
FN:16,upload
FN:43,list
FN:53,listShared
FN:63,getById
FN:80,download
FN:109,remove
FN:136,share
FN:152,revokeShare
FN:172,listShares
FNF:9
FNH:0
FNDA:0,upload
FNDA:0,list
FNDA:0,listShared
FNDA:0,getById
FNDA:0,download
FNDA:0,remove
FNDA:0,share
FNDA:0,revokeShare
FNDA:0,listShares
DA:6,2
DA:7,2
DA:8,2
DA:9,2
DA:10,2
DA:11,2
DA:12,2
DA:13,2
DA:14,2
DA:17,0
DA:18,0
DA:19,0
DA:21,0
DA:22,0
DA:23,0
DA:24,0
DA:25,0
DA:27,0
DA:36,0
DA:37,0
DA:39,0
DA:44,0
DA:45,0
DA:46,0
DA:47,0
DA:49,0
DA:54,0
DA:55,0
DA:56,0
DA:57,0
DA:59,0
DA:64,0
DA:65,0
DA:66,0
DA:67,0
DA:68,0
DA:70,0
DA:71,0
DA:72,0
DA:74,0
DA:76,0
DA:81,0
DA:82,0
DA:83,0
DA:84,0
DA:85,0
DA:87,0
DA:88,0
DA:89,0
DA:92,0
DA:93,0
DA:94,0
DA:95,0
DA:98,0
DA:100,0
DA:101,0
DA:102,0
DA:103,0
DA:105,0
DA:110,0
DA:111,0
DA:112,0
DA:113,0
DA:114,0
DA:116,0
DA:117,0
DA:118,0
DA:120,0
DA:121,0
DA:122,0
DA:123,0
DA:124,0
DA:126,0
DA:129,0
DA:130,0
DA:132,0
DA:137,0
DA:138,0
DA:139,0
DA:140,0
DA:141,0
DA:142,0
DA:144,0
DA:145,0
DA:146,0
DA:148,0
DA:153,0
DA:154,0
DA:155,0
DA:156,0
DA:157,0
DA:158,0
DA:160,0
DA:161,0
DA:162,0
DA:164,0
DA:165,0
DA:166,0
DA:168,0
DA:173,0
DA:174,0
DA:175,0
DA:176,0
DA:177,0
DA:179,0
DA:180,0
DA:182,0
DA:186,2
LF:108
LH:10
BRDA:18,0,0,0
BRDA:18,0,1,0
BRDA:21,1,0,0
BRDA:21,1,1,0
BRDA:22,2,0,0
BRDA:22,2,1,0
BRDA:46,3,0,0
BRDA:46,3,1,0
BRDA:65,4,0,0
BRDA:65,4,1,0
BRDA:67,5,0,0
BRDA:67,5,1,0
BRDA:70,6,0,0
BRDA:70,6,1,0
BRDA:71,7,0,0
BRDA:71,7,1,0
BRDA:82,8,0,0
BRDA:82,8,1,0
BRDA:84,9,0,0
BRDA:84,9,1,0
BRDA:88,10,0,0
BRDA:88,10,1,0
BRDA:94,11,0,0
BRDA:94,11,1,0
BRDA:94,12,0,0
BRDA:94,12,1,0
BRDA:111,13,0,0
BRDA:111,13,1,0
BRDA:113,14,0,0
BRDA:113,14,1,0
BRDA:113,15,0,0
BRDA:113,15,1,0
BRDA:117,16,0,0
BRDA:117,16,1,0
BRDA:122,17,0,0
BRDA:122,17,1,0
BRDA:122,18,0,0
BRDA:122,18,1,0
BRDA:138,19,0,0
BRDA:138,19,1,0
BRDA:141,20,0,0
BRDA:141,20,1,0
BRDA:141,21,0,0
BRDA:141,21,1,0
BRDA:154,22,0,0
BRDA:154,22,1,0
BRDA:157,23,0,0
BRDA:157,23,1,0
BRDA:157,24,0,0
BRDA:157,24,1,0
BRDA:161,25,0,0
BRDA:161,25,1,0
BRDA:161,26,0,0
BRDA:161,26,1,0
BRDA:174,27,0,0
BRDA:174,27,1,0
BRDA:176,28,0,0
BRDA:176,28,1,0
BRDA:176,29,0,0
BRDA:176,29,1,0
BRF:60
BRH:0
end_of_record
TN:
SF:src/controllers/folderController.js
FN:9,create
FN:20,list
FN:30,getById
FN:46,update
FN:61,remove
FNF:5
FNH:0
FNDA:0,create
FNDA:0,list
FNDA:0,getById
FNDA:0,update
FNDA:0,remove
DA:5,2
DA:6,2
DA:7,2
DA:10,0
DA:11,0
DA:12,0
DA:13,0
DA:14,0
DA:16,0
DA:21,0
DA:22,0
DA:23,0
DA:24,0
DA:26,0
DA:31,0
DA:32,0
DA:33,0
DA:34,0
DA:35,0
DA:37,0
DA:38,0
DA:40,0
DA:42,0
DA:47,0
DA:48,0
DA:49,0
DA:50,0
DA:51,0
DA:52,0
DA:54,0
DA:55,0
DA:57,0
DA:62,0
DA:63,0
DA:64,0
DA:65,0
DA:66,0
DA:68,0
DA:69,0
DA:71,0
DA:75,2
LF:41
LH:4
BRDA:12,0,0,0
BRDA:12,0,1,0
BRDA:32,1,0,0
BRDA:32,1,1,0
BRDA:34,2,0,0
BRDA:34,2,1,0
BRDA:37,3,0,0
BRDA:37,3,1,0
BRDA:48,4,0,0
BRDA:48,4,1,0
BRDA:51,5,0,0
BRDA:51,5,1,0
BRDA:63,6,0,0
BRDA:63,6,1,0
BRDA:65,7,0,0
BRDA:65,7,1,0
BRF:16
BRH:0
end_of_record
TN:
SF:src/db/connection.js
FN:11,getDb
FN:21,closeDb
FNF:2
FNH:1
FNDA:14,getDb
FNDA:0,closeDb
DA:5,2
DA:6,2
DA:7,2
DA:9,2
DA:12,14
DA:13,1
DA:14,1
DA:15,1
DA:16,1
DA:18,14
DA:22,0
DA:23,0
DA:24,0
DA:28,2
LF:14
LH:11
BRDA:12,0,0,1
BRDA:12,0,1,13
BRDA:22,1,0,0
BRDA:22,1,1,0
BRF:4
BRH:2
end_of_record
TN:
SF:src/middleware/auth.js
FN:11,auth
FNF:1
FNH:1
FNDA:5,auth
DA:6,2
DA:7,2
DA:8,2
DA:9,2
DA:12,5
DA:13,5
DA:15,5
DA:16,3
DA:19,2
DA:20,2
DA:21,2
DA:22,0
DA:24,2
DA:29,2
DA:31,0
DA:32,0
DA:34,0
DA:35,0
DA:39,2
LF:19
LH:14
BRDA:13,0,0,2
BRDA:13,0,1,3
BRDA:13,1,0,5
BRDA:13,1,1,2
BRDA:15,2,0,3
BRDA:15,2,1,2
BRDA:21,3,0,0
BRDA:21,3,1,2
BRDA:21,4,0,2
BRDA:21,4,1,2
BRDA:31,5,0,0
BRDA:31,5,1,0
BRF:12
BRH:9
end_of_record
TN:
SF:src/middleware/errorHandler.js
FN:12,errorHandler
FN:34,notFoundHandler
FNF:2
FNH:0
FNDA:0,errorHandler
FNDA:0,notFoundHandler
DA:6,2
DA:7,2
DA:8,2
DA:10,2
DA:13,0
DA:14,0
DA:17,0
DA:18,0
DA:20,0
DA:25,0
DA:26,0
DA:28,0
DA:30,0
DA:31,0
DA:35,0
DA:38,2
LF:16
LH:5
BRDA:13,0,0,0
BRDA:13,0,1,0
BRDA:17,1,0,0
BRDA:17,1,1,0
BRDA:17,1,2,0
BRDA:18,2,0,0
BRDA:18,2,1,0
BRDA:25,3,0,0
BRDA:25,3,1,0
BRDA:25,4,0,0
BRDA:25,4,1,0
BRDA:30,5,0,0
BRDA:30,5,1,0
BRDA:30,6,0,0
BRDA:30,6,1,0
BRF:15
BRH:0
end_of_record
TN:
SF:src/middleware/ownership.js
FN:10,requireDocumentOwnershipOrShare
FN:46,requireDocumentOwnership
FN:73,requireFolderOwnership
FNF:3
FNH:0
FNDA:0,requireDocumentOwnershipOrShare
FNDA:0,requireDocumentOwnership
FNDA:0,requireFolderOwnership
DA:6,2
DA:7,2
DA:8,2
DA:11,0
DA:12,0
DA:13,0
DA:14,0
DA:17,0
DA:18,0
DA:22,0
DA:23,0
DA:25,0
DA:26,0
DA:27,0
DA:30,0
DA:33,0
DA:34,0
DA:35,0
DA:38,0
DA:43,0
DA:47,0
DA:48,0
DA:49,0
DA:50,0
DA:53,0
DA:54,0
DA:58,0
DA:59,0
DA:61,0
DA:62,0
DA:67,0
DA:69,0
DA:70,0
DA:74,0
DA:75,0
DA:76,0
DA:77,0
DA:80,0
DA:81,0
DA:85,0
DA:86,0
DA:88,0
DA:89,0
DA:94,0
DA:96,0
DA:97,0
DA:100,2
LF:47
LH:4
BRDA:11,0,0,0
BRDA:11,0,1,0
BRDA:13,1,0,0
BRDA:13,1,1,0
BRDA:13,2,0,0
BRDA:13,2,1,0
BRDA:22,3,0,0
BRDA:22,3,1,0
BRDA:25,4,0,0
BRDA:25,4,1,0
BRDA:33,5,0,0
BRDA:33,5,1,0
BRDA:47,6,0,0
BRDA:47,6,1,0
BRDA:49,7,0,0
BRDA:49,7,1,0
BRDA:49,8,0,0
BRDA:49,8,1,0
BRDA:58,9,0,0
BRDA:58,9,1,0
BRDA:61,10,0,0
BRDA:61,10,1,0
BRDA:74,11,0,0
BRDA:74,11,1,0
BRDA:76,12,0,0
BRDA:76,12,1,0
BRDA:76,13,0,0
BRDA:76,13,1,0
BRDA:85,14,0,0
BRDA:85,14,1,0
BRDA:88,15,0,0
BRDA:88,15,1,0
BRF:32
BRH:0
end_of_record
TN:
SF:src/middleware/rateLimit.js
FN:10,createLoginLimiter
FN:17,(anonymous_1)
FN:28,createUploadLimiter
FN:35,(anonymous_3)
FNF:4
FNH:2
FNDA:2,createLoginLimiter
FNDA:0,(anonymous_1)
FNDA:2,createUploadLimiter
FNDA:0,(anonymous_3)
DA:6,2
DA:7,2
DA:8,2
DA:11,2
DA:18,0
DA:19,0
DA:29,2
DA:36,0
DA:37,0
DA:46,2
LF:10
LH:6
BRF:0
BRH:0
end_of_record
TN:
SF:src/middleware/rbac.js
FN:12,requireRoles
FN:13,(anonymous_1)
FN:14,(anonymous_2)
FN:31,requireAdmin
FN:35,requireMemberOrAbove
FNF:5
FNH:4
FNDA:2,requireRoles
FNDA:2,(anonymous_1)
FNDA:2,(anonymous_2)
FNDA:2,requireAdmin
FNDA:0,requireMemberOrAbove
DA:6,2
DA:7,2
DA:9,2
DA:10,2
DA:13,2
DA:14,2
DA:15,2
DA:16,0
DA:18,2
DA:19,1
DA:25,1
DA:27,1
DA:32,2
DA:36,0
DA:39,2
LF:15
LH:13
BRDA:15,0,0,0
BRDA:15,0,1,2
BRDA:18,1,0,1
BRDA:18,1,1,1
BRF:4
BRH:3
end_of_record
TN:
SF:src/middleware/upload.js
FN:19,ensureUploadDir
FN:26,(anonymous_1)
FN:30,(anonymous_2)
FN:37,fileFilter
FN:52,uploadSingle
FN:53,(anonymous_5)
FN:54,(anonymous_6)
FNF:7
FNH:1
FNDA:0,ensureUploadDir
FNDA:0,(anonymous_1)
FNDA:0,(anonymous_2)
FNDA:0,fileFilter
FNDA:2,uploadSingle
FNDA:0,(anonymous_5)
FNDA:0,(anonymous_6)
DA:6,2
DA:7,2
DA:8,2
DA:9,2
DA:10,2
DA:11,2
DA:12,2
DA:13,2
DA:15,2
DA:16,2
DA:17,2
DA:20,0
DA:21,0
DA:25,2
DA:27,0
DA:28,0
DA:31,0
DA:32,0
DA:33,0
DA:38,0
DA:39,0
DA:40,0
DA:41,0
DA:43,0
DA:46,2
DA:53,2
DA:54,0
DA:55,0
DA:56,0
DA:57,0
DA:59,0
DA:60,0
DA:62,0
DA:63,0
DA:65,0
DA:70,2
LF:36
LH:15
BRDA:20,0,0,0
BRDA:20,0,1,0
BRDA:31,1,0,0
BRDA:31,1,1,0
BRDA:39,2,0,0
BRDA:39,2,1,0
BRDA:52,3,0,0
BRDA:55,4,0,0
BRDA:55,4,1,0
BRDA:56,5,0,0
BRDA:56,5,1,0
BRDA:59,6,0,0
BRDA:59,6,1,0
BRF:13
BRH:0
end_of_record
TN:
SF:src/middleware/validate.js
FN:8,validate
FN:9,(anonymous_1)
FN:16,(anonymous_2)
FNF:3
FNH:2
FNDA:24,validate
FNDA:9,(anonymous_1)
FNDA:0,(anonymous_2)
DA:6,2
DA:9,24
DA:10,9
DA:11,9
DA:15,9
DA:16,0
DA:17,0
DA:19,9
DA:20,9
DA:24,2
LF:10
LH:8
BRDA:8,0,0,12
BRDA:10,1,0,9
BRDA:10,1,1,0
BRDA:15,2,0,0
BRDA:15,2,1,9
BRF:5
BRH:3
end_of_record
TN:
SF:src/routes/auditRoutes.js
FNF:0
FNH:0
DA:5,2
DA:6,2
DA:7,2
DA:8,2
DA:9,2
DA:10,2
DA:12,2
DA:14,2
DA:16,2
DA:22,2
DA:28,2
DA:35,2
LF:12
LH:12
BRF:0
BRH:0
end_of_record
TN:
SF:src/routes/authRoutes.js
FNF:0
FNH:0
DA:5,2
DA:6,2
DA:7,2
DA:8,2
DA:9,2
DA:10,2
DA:12,2
DA:14,2
DA:20,2
DA:27,2
DA:29,2
LF:11
LH:11
BRF:0
BRH:0
end_of_record
TN:
SF:src/routes/documentRoutes.js
FNF:0
FNH:0
DA:6,2
DA:7,2
DA:8,2
DA:9,2
DA:10,2
DA:14,2
DA:15,2
DA:16,2
DA:18,2
DA:20,2
DA:22,2
DA:29,2
DA:35,2
DA:37,2
DA:43,2
DA:49,2
DA:55,2
DA:62,2
DA:69,2
DA:75,2
LF:20
LH:20
BRF:0
BRH:0
end_of_record
TN:
SF:src/routes/folderRoutes.js
FNF:0
FNH:0
DA:5,2
DA:6,2
DA:7,2
DA:8,2
DA:9,2
DA:10,2
DA:12,2
DA:14,2
DA:16,2
DA:22,2
DA:28,2
DA:34,2
DA:41,2
DA:47,2
LF:14
LH:14
BRF:0
BRH:0
end_of_record
TN:
SF:src/routes/index.js
FN:13,(anonymous_0)
FNF:1
FNH:1
FNDA:1,(anonymous_0)
DA:5,2
DA:6,2
DA:7,2
DA:8,2
DA:9,2
DA:11,2
DA:13,2
DA:14,1
DA:17,2
DA:18,2
DA:19,2
DA:20,2
DA:22,2
LF:13
LH:13
BRF:0
BRH:0
end_of_record
TN:
SF:src/services/auditService.js
FN:7,log
FN:16,getByActor
FN:24,getByResource
FN:32,getByDateRange
FNF:4
FNH:2
FNDA:2,log
FNDA:0,getByActor
FNDA:0,getByResource
FNDA:1,getByDateRange
DA:5,2
DA:8,2
DA:9,2
DA:12,2
DA:13,2
DA:17,0
DA:18,0
DA:21,0
DA:25,0
DA:26,0
DA:29,0
DA:33,1
DA:34,1
DA:37,1
DA:40,2
LF:15
LH:9
BRDA:7,0,0,0
BRDA:7,1,0,0
BRDA:7,2,0,0
BRDA:12,3,0,0
BRDA:12,3,1,2
BRDA:16,4,0,0
BRDA:16,5,0,0
BRDA:24,6,0,0
BRDA:24,7,0,0
BRDA:32,8,0,0
BRDA:32,9,0,0
BRF:11
BRH:1
end_of_record
TN:
SF:src/services/authService.js
FN:12,hashPassword
FN:16,comparePassword
FN:20,createToken
FN:32,register
FN:35,(anonymous_4)
FN:50,login
FN:58,(anonymous_6)
FN:73,getById
FNF:8
FNH:7
FNDA:3,hashPassword
FNDA:4,comparePassword
FNDA:5,createToken
FNDA:3,register
FNDA:3,(anonymous_4)
FNDA:4,login
FNDA:4,(anonymous_6)
FNDA:0,getById
DA:5,2
DA:6,2
DA:7,2
DA:8,2
DA:9,2
DA:10,2
DA:13,3
DA:17,4
DA:21,5
DA:33,3
DA:34,3
DA:35,3
DA:36,3
DA:39,3
DA:40,3
DA:43,3
DA:48,2
DA:51,4
DA:52,4
DA:56,4
DA:58,4
DA:59,4
DA:60,2
DA:62,2
DA:63,2
DA:69,2
DA:74,0
DA:75,0
DA:78,0
DA:81,2
LF:30
LH:27
BRDA:32,0,0,0
BRDA:50,1,0,0
BRDA:56,2,0,3
BRDA:56,2,1,1
BRDA:59,3,0,2
BRDA:59,3,1,2
BRDA:59,4,0,4
BRDA:59,4,1,3
BRDA:78,5,0,0
BRDA:78,5,1,0
BRF:10
BRH:6
end_of_record
TN:
SF:src/services/documentService.js
FN:12,create
FN:23,getById
FN:31,listByOwner
FN:43,listSharedWithUser
FN:53,remove
FN:60,getStorageAbsolutePath
FN:64,generateStorageRelativePath
FNF:7
FNH:0
FNDA:0,create
FNDA:0,getById
FNDA:0,listByOwner
FNDA:0,listSharedWithUser
FNDA:0,remove
FNDA:0,getStorageAbsolutePath
FNDA:0,generateStorageRelativePath
DA:6,2
DA:7,2
DA:8,2
DA:9,2
DA:10,2
DA:13,0
DA:14,0
DA:15,0
DA:16,0
DA:19,0
DA:20,0
DA:24,0
DA:25,0
DA:28,0
DA:32,0
DA:33,0
DA:34,0
DA:38,0
DA:44,0
DA:45,0
DA:54,0
DA:55,0
DA:56,0
DA:57,0
DA:61,0
DA:65,0
DA:66,0
DA:67,0
DA:70,2
LF:29
LH:6
BRDA:15,0,0,0
BRDA:15,0,1,0
BRDA:28,1,0,0
BRDA:28,1,1,0
BRDA:31,2,0,0
BRDA:31,3,0,0
BRDA:31,4,0,0
BRDA:33,5,0,0
BRDA:33,5,1,0
BRDA:43,6,0,0
BRDA:43,7,0,0
BRDA:65,8,0,0
BRDA:65,8,1,0
BRF:13
BRH:0
end_of_record
TN:
SF:src/services/folderService.js
FN:8,create
FN:18,getById
FN:25,listByOwner
FN:32,update
FN:41,remove
FNF:5
FNH:0
FNDA:0,create
FNDA:0,getById
FNDA:0,listByOwner
FNDA:0,update
FNDA:0,remove
DA:5,2
DA:6,2
DA:9,0
DA:10,0
DA:11,0
DA:14,0
DA:15,0
DA:19,0
DA:20,0
DA:26,0
DA:27,0
DA:33,0
DA:34,0
DA:37,0
DA:38,0
DA:42,0
DA:43,0
DA:44,0
DA:45,0
DA:48,2
LF:20
LH:3
BRDA:8,0,0,0
BRDA:20,1,0,0
BRDA:20,1,1,0
BRDA:25,2,0,0
BRDA:25,3,0,0
BRF:5
BRH:0
end_of_record
TN:
SF:src/services/shareService.js
FN:8,create
FN:18,getById
FN:25,listByDocument
FN:32,revoke
FN:42,revokeByDocumentAndGrantee
FN:51,hasAccess
FNF:6
FNH:0
FNDA:0,create
FNDA:0,getById
FNDA:0,listByDocument
FNDA:0,revoke
FNDA:0,revokeByDocumentAndGrantee
FNDA:0,hasAccess
DA:5,2
DA:6,2
DA:9,0
DA:10,0
DA:11,0
DA:14,0
DA:15,0
DA:19,0
DA:20,0
DA:26,0
DA:27,0
DA:33,0
DA:34,0
DA:37,0
DA:38,0
DA:39,0
DA:43,0
DA:44,0
DA:47,0
DA:48,0
DA:52,0
DA:53,0
DA:54,0
DA:55,0
DA:56,0
DA:59,0
DA:60,0
DA:61,0
DA:64,2
LF:29
LH:3
BRDA:20,0,0,0
BRDA:20,0,1,0
BRDA:39,1,0,0
BRDA:39,1,1,0
BRDA:51,2,0,0
BRDA:54,3,0,0
BRDA:54,3,1,0
BRDA:55,4,0,0
BRDA:55,4,1,0
BRDA:59,5,0,0
BRDA:59,5,1,0
BRDA:60,6,0,0
BRDA:60,6,1,0
BRF:13
BRH:0
end_of_record
TN:
SF:src/utils/logger.js
FN:14,(anonymous_0)
FN:19,wrap
FN:20,(anonymous_2)
FNF:3
FNH:3
FNDA:12,(anonymous_0)
FNDA:8,wrap
FNDA:1,(anonymous_2)
DA:7,2
DA:9,2
DA:11,2
DA:14,12
DA:20,8
DA:21,1
DA:22,1
DA:24,0
DA:29,2
DA:36,2
LF:10
LH:9
BRDA:9,0,0,2
BRDA:9,0,1,0
BRDA:20,1,0,0
BRDA:21,2,0,1
BRDA:21,2,1,0
BRF:5
BRH:2
end_of_record
TN:
SF:src/utils/response.js
FN:6,success
FN:14,error
FNF:2
FNH:2
FNDA:6,success
FNDA:7,error
DA:7,6
DA:15,7
DA:20,7
DA:23,2
LF:4
LH:4
BRDA:6,0,0,0
BRDA:6,1,0,0
BRDA:6,2,0,3
BRDA:14,3,0,0
BRDA:14,4,0,0
BRDA:14,5,0,7
BRDA:18,6,0,7
BRDA:18,6,1,7
BRF:8
BRH:4
end_of_record
TN:
SF:src/utils/security.js
FN:14,resolveSafePath
FN:30,sanitizeFileName
FN:34,(anonymous_2)
FNF:3
FNH:0
FNDA:0,resolveSafePath
FNDA:0,sanitizeFileName
FNDA:0,(anonymous_2)
DA:6,2
DA:15,0
DA:16,0
DA:17,0
DA:18,0
DA:19,0
DA:20,0
DA:22,0
DA:31,0
DA:32,0
DA:33,0
DA:34,0
DA:37,2
LF:13
LH:2
BRDA:15,0,0,0
BRDA:15,0,1,0
BRDA:15,1,0,0
BRDA:15,1,1,0
BRDA:19,2,0,0
BRDA:19,2,1,0
BRDA:19,3,0,0
BRDA:19,3,1,0
BRDA:31,4,0,0
BRDA:31,4,1,0
BRDA:31,5,0,0
BRDA:31,5,1,0
BRDA:34,6,0,0
BRDA:34,6,1,0
BRF:14
BRH:0
end_of_record
TN:
SF:src/utils/validationSchemas.js
FNF:0
FNH:0
DA:5,2
DA:7,2
DA:8,2
DA:9,2
DA:10,2
DA:15,2
DA:27,2
DA:40,2
DA:54,2
DA:67,2
LF:10
LH:10
BRF:0
BRH:0
end_of_record
